18:46:49.194 [main] INFO  org.testng.internal.Utils - [Utils] DynamicGraphHelper.createDynamicGraph() took 5 ms.
18:46:53.375 [main] INFO  testCases.TC001_AccountRegistration - *******Starting TC001_Account Registration Test************
18:46:53.592 [main] INFO  testCases.TC001_AccountRegistration - Clicked on my Account link
18:46:54.194 [main] INFO  testCases.TC001_AccountRegistration - Clicked on Register link
18:46:54.196 [main] INFO  testCases.TC001_AccountRegistration - Providing customer details
18:46:56.189 [main] INFO  testCases.TC001_AccountRegistration - Validating expected message...
18:46:56.280 [main] INFO  testCases.TC001_AccountRegistration - Finished Test
18:46:56.812 [main] INFO  org.testng.internal.Utils - [TestNG] Time taken by org.testng.reporters.jq.Main@dcc6211: 190 ms
18:46:56.818 [main] INFO  org.testng.internal.Utils - [TestNG] Time taken by org.testng.reporters.FailedReporter@610df783: 4 ms
18:46:56.840 [main] INFO  org.testng.internal.Utils - [TestNG] Time taken by org.testng.reporters.XMLReporter@14bf57b2: 22 ms
18:46:56.855 [main] INFO  org.testng.internal.Utils - [TestNG] Time taken by org.testng.reporters.EmailableReporter2@2b61a019: 15 ms
18:46:56.866 [main] INFO  org.testng.internal.Utils - [TestNG] Time taken by org.testng.reporters.JUnitReportReporter@53ac845a: 11 ms
18:46:56.866 [main] INFO  org.testng.internal.Utils - [TestNG] Time taken by org.testng.internal.ExitCodeListener@5136207f: 0 ms
21:29:38.944 [main] INFO  org.testng.internal.Utils - [TestNG] Running:
  C:\workspaces\automationDev\OpencartV121\grid-docker.xml

21:29:56.514 [main] INFO  testCases.TC001_AccountRegistration - *******Starting TC001_Account Registration Test************
21:29:56.869 [main] INFO  testCases.TC001_AccountRegistration - Clicked on my Account link
21:29:58.929 [main] INFO  testCases.TC001_AccountRegistration - Clicked on Register link
21:29:58.933 [main] INFO  testCases.TC001_AccountRegistration - Providing customer details
21:30:03.663 [main] INFO  testCases.TC001_AccountRegistration - Validating expected message...
21:30:03.749 [main] INFO  testCases.TC001_AccountRegistration - Finished Test
21:30:26.552 [main] INFO  testCases.TC002_LoginTest - ***** Starting TC_002_LoginTest *****
21:30:33.789 [main] INFO  testCases.TC002_LoginTest - ***** Finished TC_002_LoginTest *****
22:08:14.764 [main] INFO  org.testng.internal.Utils - [TestNG] Running:
  C:\workspaces\automationDev\OpencartV121\grid-docker.xml

22:08:39.718 [main] INFO  testCases.TC001_AccountRegistration - *******Starting TC001_Account Registration Test************
22:08:40.034 [main] INFO  testCases.TC001_AccountRegistration - Clicked on my Account link
22:08:42.473 [main] INFO  testCases.TC001_AccountRegistration - Clicked on Register link
22:08:42.477 [main] INFO  testCases.TC001_AccountRegistration - Providing customer details
22:08:45.060 [main] INFO  testCases.TC001_AccountRegistration - Validating expected message...
22:08:45.165 [main] INFO  testCases.TC001_AccountRegistration - Finished Test
22:08:55.406 [main] INFO  testCases.TC002_LoginTest - ***** Starting TC_002_LoginTest *****
22:08:57.732 [main] INFO  testCases.TC002_LoginTest - ***** Finished TC_002_LoginTest *****
22:34:24.840 [main] INFO  org.testng.internal.Utils - [TestNG] Running:
  C:\workspaces\automationDev\OpencartV121\grid-docker.xml

22:34:31.959 [main] INFO  testCases.TC001_AccountRegistration - *******Starting TC001_Account Registration Test************
22:34:32.311 [main] INFO  testCases.TC001_AccountRegistration - Clicked on my Account link
22:34:33.327 [main] INFO  testCases.TC001_AccountRegistration - Clicked on Register link
22:34:33.335 [main] INFO  testCases.TC001_AccountRegistration - Providing customer details
22:34:36.848 [main] INFO  testCases.TC001_AccountRegistration - Validating expected message...
22:34:36.940 [main] INFO  testCases.TC001_AccountRegistration - Finished Test
22:34:52.063 [main] INFO  testCases.TC002_LoginTest - ***** Starting TC_002_LoginTest *****
22:34:56.513 [main] INFO  testCases.TC002_LoginTest - ***** Finished TC_002_LoginTest *****
18:35:20.637 [main] INFO  org.testng.internal.Utils - [TestNG] Running:
  C:\workspaces\automationDev\OpencartV121\master.xml

18:37:11.956 [main] INFO  org.testng.internal.Utils - [TestNG] Running:
  C:\workspaces\automationDev\OpencartV121\master.xml

18:42:32.112 [main] INFO  org.testng.internal.Utils - [TestNG] Running:
  C:\workspaces\automationDev\OpencartV121\master.xml

18:42:39.718 [main] INFO  testCases.TC001_AccountRegistration - *******Starting TC001_Account Registration Test************
18:42:39.869 [main] INFO  testCases.TC001_AccountRegistration - Clicked on my Account link
18:42:40.279 [main] INFO  testCases.TC001_AccountRegistration - Clicked on Register link
18:42:40.280 [main] INFO  testCases.TC001_AccountRegistration - Providing customer details
18:42:41.883 [main] INFO  testCases.TC001_AccountRegistration - Validating expected message...
